(c) Copyright 2012-2018 Xilinx, Inc. All Rights Reserved.
#-----------------------------------------------------------
# Tool version  : sds++ 2018.3 SW Build 2405991 on Thu Dec  6 23:37:15 MST 2018
# Start time    : Wed Oct 23 12:48:24 CEST 2019
# Command line  : sds++ --remote_ip_cache /home/bqpd/workspace_sdsoc/ip_cache -o MiniZedMM.elf ./src/dual.o ./src/gradient.o ./src/graph.o ./src/main.o ./src/node.o -dmclkid 0 -sds-sys-config mz_avnet -sds-proc Standalone -sds-pf /home/bqpd/workspace_sdsoc/Platforms/mz_avnet
# Log file      : /home/bqpd/workspace_sdsoc/MiniZedMM/Debug/_sds/reports/sds.log
# Journal file  : /home/bqpd/workspace_sdsoc/MiniZedMM/Debug/_sds/reports/sds.jou
# Report file   : /home/bqpd/workspace_sdsoc/MiniZedMM/Debug/_sds/reports/sds.rpt
#-----------------------------------------------------------

Libraries: 
Library Paths {}
Analyzing object files
arm-none-eabi-objcopy -O binary --set-section-flags .xdinfo=alloc --only-section=.xdinfo /home/bqpd/workspace_sdsoc/MiniZedMM/Debug/src/dual.o /home/bqpd/workspace_sdsoc/MiniZedMM/Debug/_sds/.data/xdinfo.xml
arm-none-eabi-objcopy -O binary --set-section-flags .xddata=alloc --only-section=.xddata /home/bqpd/workspace_sdsoc/MiniZedMM/Debug/src/dual.o /home/bqpd/workspace_sdsoc/MiniZedMM/Debug/_sds/.data/xddata.xml
arm-none-eabi-objcopy -O binary --set-section-flags .xdsdata=alloc --only-section=.xdsdata /home/bqpd/workspace_sdsoc/MiniZedMM/Debug/src/dual.o /home/bqpd/workspace_sdsoc/MiniZedMM/Debug/_sds/.data/dual.o.xml
arm-none-eabi-objcopy -O binary --set-section-flags .xdinfo=alloc --only-section=.xdinfo /home/bqpd/workspace_sdsoc/MiniZedMM/Debug/src/gradient.o /home/bqpd/workspace_sdsoc/MiniZedMM/Debug/_sds/.data/xdinfo.xml
arm-none-eabi-objcopy -O binary --set-section-flags .xddata=alloc --only-section=.xddata /home/bqpd/workspace_sdsoc/MiniZedMM/Debug/src/gradient.o /home/bqpd/workspace_sdsoc/MiniZedMM/Debug/_sds/.data/xddata.xml
arm-none-eabi-objcopy -O binary --set-section-flags .xdsdata=alloc --only-section=.xdsdata /home/bqpd/workspace_sdsoc/MiniZedMM/Debug/src/gradient.o /home/bqpd/workspace_sdsoc/MiniZedMM/Debug/_sds/.data/gradient.o.xml
arm-none-eabi-objcopy -O binary --set-section-flags .xdinfo=alloc --only-section=.xdinfo /home/bqpd/workspace_sdsoc/MiniZedMM/Debug/src/graph.o /home/bqpd/workspace_sdsoc/MiniZedMM/Debug/_sds/.data/xdinfo.xml
arm-none-eabi-objcopy -O binary --set-section-flags .xddata=alloc --only-section=.xddata /home/bqpd/workspace_sdsoc/MiniZedMM/Debug/src/graph.o /home/bqpd/workspace_sdsoc/MiniZedMM/Debug/_sds/.data/xddata.xml
arm-none-eabi-objcopy -O binary --set-section-flags .xdsdata=alloc --only-section=.xdsdata /home/bqpd/workspace_sdsoc/MiniZedMM/Debug/src/graph.o /home/bqpd/workspace_sdsoc/MiniZedMM/Debug/_sds/.data/graph.o.xml
arm-none-eabi-objcopy -O binary --set-section-flags .xdinfo=alloc --only-section=.xdinfo /home/bqpd/workspace_sdsoc/MiniZedMM/Debug/src/main.o /home/bqpd/workspace_sdsoc/MiniZedMM/Debug/_sds/.data/xdinfo.xml
arm-none-eabi-objcopy -O binary --set-section-flags .xddata=alloc --only-section=.xddata /home/bqpd/workspace_sdsoc/MiniZedMM/Debug/src/main.o /home/bqpd/workspace_sdsoc/MiniZedMM/Debug/_sds/.data/xddata.xml
arm-none-eabi-objcopy -O binary --set-section-flags .xdsdata=alloc --only-section=.xdsdata /home/bqpd/workspace_sdsoc/MiniZedMM/Debug/src/main.o /home/bqpd/workspace_sdsoc/MiniZedMM/Debug/_sds/.data/main.o.xml
arm-none-eabi-objcopy -O binary --set-section-flags .xdinfo=alloc --only-section=.xdinfo /home/bqpd/workspace_sdsoc/MiniZedMM/Debug/src/node.o /home/bqpd/workspace_sdsoc/MiniZedMM/Debug/_sds/.data/xdinfo.xml
arm-none-eabi-objcopy -O binary --set-section-flags .xddata=alloc --only-section=.xddata /home/bqpd/workspace_sdsoc/MiniZedMM/Debug/src/node.o /home/bqpd/workspace_sdsoc/MiniZedMM/Debug/_sds/.data/xddata.xml
arm-none-eabi-objcopy -O binary --set-section-flags .xdsdata=alloc --only-section=.xdsdata /home/bqpd/workspace_sdsoc/MiniZedMM/Debug/src/node.o /home/bqpd/workspace_sdsoc/MiniZedMM/Debug/_sds/.data/node.o.xml
/tools/Xilinx/SDx/2018.3/bin/build_xd_ip_db -ip_search 0  -sds-pf /home/bqpd/workspace_sdsoc/MiniZedMM/Debug/.Xil/mz_avnet.hpfm    -o /home/bqpd/workspace_sdsoc/MiniZedMM/Debug/_sds/.cdb/xd_ip_db.xml  
INFO: Using user-defined path for XILINX_XD environment variable /tools/Xilinx/SDx/2018.3
Generating data motion network
/tools/Xilinx/SDx/2018.3/bin/llvm-link -o /home/bqpd/workspace_sdsoc/MiniZedMM/Debug/_sds/.llvm/sds_all.o /home/bqpd/workspace_sdsoc/MiniZedMM/Debug/_sds/.llvm/./src/dual.s /home/bqpd/workspace_sdsoc/MiniZedMM/Debug/_sds/.llvm/./src/gradient.s /home/bqpd/workspace_sdsoc/MiniZedMM/Debug/_sds/.llvm/./src/graph.s /home/bqpd/workspace_sdsoc/MiniZedMM/Debug/_sds/.llvm/./src/main.s /home/bqpd/workspace_sdsoc/MiniZedMM/Debug/_sds/.llvm/./src/node.s
/tools/Xilinx/SDx/2018.3/bin/XidanePass  --dmclkid 0  --repo /home/bqpd/workspace_sdsoc/MiniZedMM/Debug/_sds/.cdb/xd_ip_db.xml  --dmdb /tools/Xilinx/SDx/2018.3/data/DM.db   -os standalone -processor cortex-a9 -partition 0  
INFO: [DMAnalysis 83-4494] Analyzing hardware accelerators...
INFO: [DMAnalysis 83-4496] No hardware accelerators specified.
Creating block diagram (BD)
/tools/Xilinx/SDx/2018.3/bin/sdx_link  -cf-system /home/bqpd/workspace_sdsoc/MiniZedMM/Debug/_sds/.llvm/apsys_0.xml  -cf-db  /home/bqpd/workspace_sdsoc/MiniZedMM/Debug/_sds/.cdb/xd_ip_db.xml  -xpfm /home/bqpd/workspace_sdsoc/Platforms/mz_avnet/mz_avnet.xpfm   -multi-clks -trace-buffer 1024 -os baremetal -quiet
awk: cmd. line:1: warning: command line argument `/etc/upstream-release' is a directory: skipped
Creating top.bd.tcl
/tools/Xilinx/SDx/2018.3/bin/cf2sw  -i /home/bqpd/workspace_sdsoc/MiniZedMM/Debug/_sds/.llvm/apsys_0.xml  -r /home/bqpd/workspace_sdsoc/MiniZedMM/Debug/_sds/.cdb/xd_ip_db.xml  -pollMode 0 -mc
Rewrite caller functions
Prepare hardware access API functions
Create accelerator stub functions
Compile hardware access API functions
arm-none-eabi-gcc   -mcpu=cortex-a9 -mfpu=vfpv3 -mfloat-abi=hard      -I /tools/Xilinx/SDx/2018.3/target/aarch32-none/include  -D HLS_NO_XIL_FPO_LIB  -I /tools/Xilinx/Vivado/2018.3/include -c  /home/bqpd/workspace_sdsoc/MiniZedMM/Debug/_sds/swstubs/portinfo.c
arm-none-eabi-g++  -mcpu=cortex-a9 -mfpu=vfpv3 -mfloat-abi=hard      -I /tools/Xilinx/SDx/2018.3/target/aarch32-none/include  -D HLS_NO_XIL_FPO_LIB  -I /tools/Xilinx/Vivado/2018.3/include -c  /home/bqpd/workspace_sdsoc/MiniZedMM/Debug/_sds/swstubs/cf_stub.c
arm-none-eabi-ar crs /home/bqpd/workspace_sdsoc/MiniZedMM/Debug/_sds/swstubs/libxlnk_stub.a /home/bqpd/workspace_sdsoc/MiniZedMM/Debug/_sds/swstubs/portinfo.o /home/bqpd/workspace_sdsoc/MiniZedMM/Debug/_sds/swstubs/cf_stub.o
Compile accelerator stub functions
arm-none-eabi-ar crs /home/bqpd/workspace_sdsoc/MiniZedMM/Debug/_sds/swstubs/libMiniZedMM.a /home/bqpd/workspace_sdsoc/MiniZedMM/Debug/_sds/swstubs/portinfo.o /home/bqpd/workspace_sdsoc/MiniZedMM/Debug/_sds/swstubs/cf_stub.o 
/tools/Xilinx/SDK/2018.3/bin/hsi  -mode batch -notrace -quiet -source /home/bqpd/workspace_sdsoc/MiniZedMM/Debug/_sds/swstubs/standalone_bsp/create_bsp.tcl
CRITICAL WARNING: [Board 49-71] The board_part definition was not found for em.avnet.com:minized:part0:1.2. The project's board_part property was not set, but the project's part property was set to xc7z007sclg225-1. Valid board_part values can be retrieved with the 'get_board_parts' Tcl command. Check if board.repoPaths parameter is set and the board_part is installed from the tcl app store.
INFO: [Hsi 55-1698] elapsed time for repository loading 0 seconds
Create board support package library
/tools/Xilinx/SDx/2018.3/bin/xsct  -sdx -quiet /home/bqpd/workspace_sdsoc/MiniZedMM/Debug/_sds/swstubs/standalone_bsp/create_bsp_post.tcl
CRITICAL WARNING: [Board 49-71] The board_part definition was not found for em.avnet.com:minized:part0:1.2. The project's board_part property was not set, but the project's part property was set to xc7z007sclg225-1. Valid board_part values can be retrieved with the 'get_board_parts' Tcl command. Check if board.repoPaths parameter is set and the board_part is installed from the tcl app store.
INFO: [Hsi 55-1698] elapsed time for repository loading 0 seconds
Running Make include in ps7_cortexa9_0/libsrc/ddrps_v1_0/src
Running Make include in ps7_cortexa9_0/libsrc/sdps_v3_6/src
Running Make include in ps7_cortexa9_0/libsrc/standalone_v6_8/src
Running Make include in ps7_cortexa9_0/libsrc/dmaps_v2_4/src
Running Make include in ps7_cortexa9_0/libsrc/cpu_cortexa9_v2_7/src
Running Make include in ps7_cortexa9_0/libsrc/gpiops_v3_4/src
Running Make include in ps7_cortexa9_0/libsrc/qspips_v3_5/src
Running Make include in ps7_cortexa9_0/libsrc/xilffs_v3_7/src
Running Make include in ps7_cortexa9_0/libsrc/iicps_v3_8/src
Running Make include in ps7_cortexa9_0/libsrc/scugic_v3_10/src
Running Make include in ps7_cortexa9_0/libsrc/xadcps_v2_3/src
Running Make include in ps7_cortexa9_0/libsrc/devcfg_v3_5/src
Running Make include in ps7_cortexa9_0/libsrc/scuwdt_v2_1/src
Running Make include in ps7_cortexa9_0/libsrc/uartps_v3_7/src
Running Make include in ps7_cortexa9_0/libsrc/usbps_v2_4/src
Running Make include in ps7_cortexa9_0/libsrc/coresightps_dcc_v1_4/src
Running Make include in ps7_cortexa9_0/libsrc/scutimer_v2_1/src
Running Make libs in ps7_cortexa9_0/libsrc/ddrps_v1_0/src
Compiling ddrps
arm-none-eabi-ar: creating ../../../lib/libxil.a
Running Make libs in ps7_cortexa9_0/libsrc/sdps_v3_6/src
Compiling sdps
Running Make libs in ps7_cortexa9_0/libsrc/standalone_v6_8/src
Compiling standalone
In file included from sleep.c:53:0:
xtime_l.h:87:9: note: #pragma message: For the sleep routines, Global timer is being used
 #pragma message ("For the sleep routines, Global timer is being used")
         ^~~~~~~
In file included from xil_sleeptimer.c:51:0:
xtime_l.h:87:9: note: #pragma message: For the sleep routines, Global timer is being used
 #pragma message ("For the sleep routines, Global timer is being used")
         ^~~~~~~
In file included from xtime_l.c:49:0:
xtime_l.h:87:9: note: #pragma message: For the sleep routines, Global timer is being used
 #pragma message ("For the sleep routines, Global timer is being used")
         ^~~~~~~
In file included from usleep.c:56:0:
xtime_l.h:87:9: note: #pragma message: For the sleep routines, Global timer is being used
 #pragma message ("For the sleep routines, Global timer is being used")
         ^~~~~~~
Running Make libs in ps7_cortexa9_0/libsrc/dmaps_v2_4/src
Compiling dmaps
Running Make libs in ps7_cortexa9_0/libsrc/cpu_cortexa9_v2_7/src
Compiling cpu_cortexa9
Running Make libs in ps7_cortexa9_0/libsrc/gpiops_v3_4/src
Compiling gpiops
Running Make libs in ps7_cortexa9_0/libsrc/qspips_v3_5/src
Compiling qspips
Running Make libs in ps7_cortexa9_0/libsrc/xilffs_v3_7/src
Compiling XilFFs Library
diskio.c:135:11: warning: 'ExtCsd' defined but not used [-Wunused-variable]
 static u8 ExtCsd[512] __attribute__ ((aligned(32)));
           ^~~~~~
Running Make libs in ps7_cortexa9_0/libsrc/iicps_v3_8/src
Compiling iicps
Running Make libs in ps7_cortexa9_0/libsrc/scugic_v3_10/src
Compiling scugic
Running Make libs in ps7_cortexa9_0/libsrc/xadcps_v2_3/src
Compiling xadcps
Running Make libs in ps7_cortexa9_0/libsrc/devcfg_v3_5/src
Compiling devcfg
Running Make libs in ps7_cortexa9_0/libsrc/scuwdt_v2_1/src
Compiling scuwdt
Running Make libs in ps7_cortexa9_0/libsrc/uartps_v3_7/src
Compiling uartps
Running Make libs in ps7_cortexa9_0/libsrc/usbps_v2_4/src
Compiling usbps
Running Make libs in ps7_cortexa9_0/libsrc/coresightps_dcc_v1_4/src
Compiling coresightps_dcc
Running Make libs in ps7_cortexa9_0/libsrc/scutimer_v2_1/src
Compiling scutimer
Finished building libraries
hsi::generate_bsp: Time (s): cpu = 00:00:09 ; elapsed = 00:00:10 . Memory (MB): peak = 666.836 ; gain = 17.512 ; free physical = 4736 ; free virtual = 9569
Preliminary link application ELF
arm-none-eabi-g++ -mcpu=cortex-a9 -mfpu=vfpv3 -mfloat-abi=hard -Wl,--build-id=none -specs=/tools/Xilinx/SDx/2018.3/data/toolchain/aarch32-none.spec -Wl,-T -Wl,/home/bqpd/workspace_sdsoc/Platforms/mz_avnet/sw/mz_avnet/Standalone/lscript.ld   /home/bqpd/workspace_sdsoc/MiniZedMM/Debug/src/dual.o /home/bqpd/workspace_sdsoc/MiniZedMM/Debug/src/gradient.o /home/bqpd/workspace_sdsoc/MiniZedMM/Debug/src/graph.o /home/bqpd/workspace_sdsoc/MiniZedMM/Debug/src/main.o /home/bqpd/workspace_sdsoc/MiniZedMM/Debug/src/node.o /home/bqpd/workspace_sdsoc/MiniZedMM/Debug/_sds/swstubs/portinfo.o  -L /home/bqpd/workspace_sdsoc/MiniZedMM/Debug/_sds/swstubs/standalone_bsp/ps7_cortexa9_0/lib   -L/home/bqpd/workspace_sdsoc/MiniZedMM/Debug/_sds/swstubs -Wl,--start-group -lstdc++ -Wl,--end-group -Wl,--start-group   -lsds_link  -L/tools/Xilinx/SDx/2018.3/target/aarch32-none/lib -lsds_lib -lxlnk_stub  -Wl,--end-group -o /home/bqpd/workspace_sdsoc/MiniZedMM/Debug/_sds/swstubs/MiniZedMM.elf -Wl,--start-group,-lxil,-lgcc,-lc,--end-group -Wl,--start-group,-lxilffs,-lxil,-lgcc,-lc,--end-group

arm-none-eabi-objcopy -R .xdinfo -R .xddata -R .xdasm -R .xdfcnmap -R .xdhlscore -R .xdif -R .xdparams -R .xdcore -R .xdrepo -R .xdsdata -R .xdpp -R .xdrtlx /home/bqpd/workspace_sdsoc/MiniZedMM/Debug/_sds/swstubs/MiniZedMM.elf
Enable generation of hardware programming files
Enable generation of boot files
Calling VPL
/tools/Xilinx/SDx/2018.3/bin/vpl   --iprepo /home/bqpd/workspace_sdsoc/MiniZedMM/Debug/_sds/iprepo/repo  --iprepo /tools/Xilinx/SDx/2018.3/data/ip/xilinx  --platform /home/bqpd/workspace_sdsoc/Platforms/mz_avnet/mz_avnet.xpfm  --temp_dir /home/bqpd/workspace_sdsoc/MiniZedMM/Debug/_sds/p0  --output_dir /home/bqpd/workspace_sdsoc/MiniZedMM/Debug/_sds/p0/vpl  --input_file /home/bqpd/workspace_sdsoc/MiniZedMM/Debug/_sds/p0/.xsd/top.bd.tcl  --target hw   --save_temps  --kernels none --webtalk_flag SDSoC  --remote_ip_cache /home/bqpd/workspace_sdsoc/ip_cache --xp "param:compiler.deleteDefaultReportConfigs=false" 

****** vpl v2018.3 (64-bit)
  **** SW Build 2405991 on Thu Dec  6 23:36:41 MST 2018
    ** Copyright 1986-2018 Xilinx, Inc. All Rights Reserved.

Attempting to get a license: ap_opencl
INFO: [VPL 17-86] Your ap_opencl license expires in 25 day(s)
Feature available: ap_opencl
INFO: [VPL 60-895]   Target platform: /home/bqpd/workspace_sdsoc/Platforms/mz_avnet/mz_avnet.xpfm
INFO: [VPL 60-423]   Target device: mz_avnet
INFO: [VPL 60-1032] Extracting DSA to /home/bqpd/workspace_sdsoc/MiniZedMM/Debug/_sds/p0/vivado/.local/dsa
INFO: [VPL 60-251]   Hardware accelerator integration...
Creating Vivado project and starting FPGA synthesis.
[12:50:39] Finished 2nd of 6 tasks (FPGA linking synthesized kernels to platform). Elapsed time: 00h 01m 46s 

[12:50:39] Starting logic optimization..
[12:50:54] Phase 1 Retarget
[12:50:54] Phase 2 Constant propagation
[12:50:54] Phase 3 Sweep
[12:50:54] Phase 4 BUFG optimization
[12:50:54] Phase 5 Shift Register Optimization
[12:50:54] Phase 6 Post Processing Netlist
[12:50:59] Finished 4th of 6 tasks (FPGA logic placement). Elapsed time: 00h 00m 20s 

[12:50:59] Starting logic routing..
[12:50:59] Phase 1 Build RT Design
[12:50:59] Finished 3rd of 6 tasks (FPGA logic optimization). Elapsed time: 00h 00m 00s 

[12:50:59] Starting logic placement..
[12:50:59] Phase 1 Placer Initialization
[12:50:59] Phase 1.1 Placer Initialization Netlist Sorting
[12:50:59] Phase 1.2 IO Placement/ Clock Placement/ Build Placer Device
[12:50:59] Phase 1.3 Build Placer Netlist Model
[12:50:59] Phase 1.4 Constrain Clocks/Macros
[12:50:59] Phase 2 Final Placement Cleanup
[12:51:09] Phase 2 Router Initialization
[12:51:09] Phase 2.1 Create Timer
[12:51:09] Phase 2.2 Fix Topology Constraints
[12:51:09] Phase 2.3 Pre Route Cleanup
[12:51:09] Phase 2.4 Update Timing
[12:51:09] Phase 3 Initial Routing
[12:51:09] Phase 4 Rip-up And Reroute
[12:51:09] Phase 4.1 Global Iteration 0
[12:51:09] Phase 5 Delay and Skew Optimization
[12:51:09] Phase 5.1 Delay CleanUp
[12:51:09] Phase 5.2 Clock Skew Optimization
[12:51:09] Phase 6 Post Hold Fix
[12:51:09] Phase 6.1 Hold Fix Iter
[12:51:09] Phase 6.1.1 Update Timing
[12:51:09] Phase 7 Route finalize
[12:51:09] Phase 8 Verifying routed nets
[12:51:09] Phase 9 Depositing Routes
[12:51:09] Phase 10 Post Router Timing
[12:51:09] Finished 5th of 6 tasks (FPGA routing). Elapsed time: 00h 00m 10s 

[12:51:09] Starting bitstream generation..
[12:51:24] Creating bitmap...
[12:51:24] Writing bitstream ./mz_avnet_wrapper.bit...
[12:51:24] Finished 6th of 6 tasks (FPGA bitstream generation). Elapsed time: 00h 00m 15s 

INFO: [VPL 60-841] Created output file: /home/bqpd/workspace_sdsoc/MiniZedMM/Debug/_sds/p0/vpl/address_map.xml
INFO: [VPL 60-841] Created output file: /home/bqpd/workspace_sdsoc/MiniZedMM/Debug/_sds/p0/vpl/system.hdf
INFO: [VPL 60-841] Created output file: /home/bqpd/workspace_sdsoc/MiniZedMM/Debug/_sds/p0/vpl/_new_clk_freq
INFO: [VPL 60-841] Created output file: /home/bqpd/workspace_sdsoc/MiniZedMM/Debug/_sds/p0/vpl/system.bit
/tools/Xilinx/SDx/2018.3/bin/cf2sw  -i /home/bqpd/workspace_sdsoc/MiniZedMM/Debug/_sds/.llvm/apsys_0.xml  -r /home/bqpd/workspace_sdsoc/MiniZedMM/Debug/_sds/.cdb/xd_ip_db.xml  -a address_map.xml  -pollMode 0 -mc
Software tracing enabled
Compile hardware access API functions
arm-none-eabi-gcc   -mcpu=cortex-a9 -mfpu=vfpv3 -mfloat-abi=hard      -I /tools/Xilinx/SDx/2018.3/target/aarch32-none/include  -D HLS_NO_XIL_FPO_LIB  -I /tools/Xilinx/Vivado/2018.3/include -c  /home/bqpd/workspace_sdsoc/MiniZedMM/Debug/_sds/swstubs/portinfo.c
arm-none-eabi-g++  -mcpu=cortex-a9 -mfpu=vfpv3 -mfloat-abi=hard      -I /tools/Xilinx/SDx/2018.3/target/aarch32-none/include  -D HLS_NO_XIL_FPO_LIB  -I /tools/Xilinx/Vivado/2018.3/include -c  /home/bqpd/workspace_sdsoc/MiniZedMM/Debug/_sds/swstubs/cf_stub.c
arm-none-eabi-ar crs /home/bqpd/workspace_sdsoc/MiniZedMM/Debug/_sds/swstubs/libxlnk_stub.a /home/bqpd/workspace_sdsoc/MiniZedMM/Debug/_sds/swstubs/portinfo.o /home/bqpd/workspace_sdsoc/MiniZedMM/Debug/_sds/swstubs/cf_stub.o
arm-none-eabi-ar crs /home/bqpd/workspace_sdsoc/MiniZedMM/Debug/_sds/swstubs/libMiniZedMM.a /home/bqpd/workspace_sdsoc/MiniZedMM/Debug/_sds/swstubs/portinfo.o /home/bqpd/workspace_sdsoc/MiniZedMM/Debug/_sds/swstubs/cf_stub.o 
/tools/Xilinx/SDK/2018.3/bin/hsi  -mode batch -notrace -quiet -source /home/bqpd/workspace_sdsoc/MiniZedMM/Debug/_sds/swstubs/standalone_bsp/create_bsp.tcl
CRITICAL WARNING: [Board 49-71] The board_part definition was not found for em.avnet.com:minized:part0:1.2. The project's board_part property was not set, but the project's part property was set to xc7z007sclg225-1. Valid board_part values can be retrieved with the 'get_board_parts' Tcl command. Check if board.repoPaths parameter is set and the board_part is installed from the tcl app store.
INFO: [Hsi 55-1698] elapsed time for repository loading 0 seconds
Create board support package library
/tools/Xilinx/SDx/2018.3/bin/xsct  -sdx -quiet /home/bqpd/workspace_sdsoc/MiniZedMM/Debug/_sds/swstubs/standalone_bsp/create_bsp_post.tcl
CRITICAL WARNING: [Board 49-71] The board_part definition was not found for em.avnet.com:minized:part0:1.2. The project's board_part property was not set, but the project's part property was set to xc7z007sclg225-1. Valid board_part values can be retrieved with the 'get_board_parts' Tcl command. Check if board.repoPaths parameter is set and the board_part is installed from the tcl app store.
INFO: [Hsi 55-1698] elapsed time for repository loading 0 seconds
Running Make include in ps7_cortexa9_0/libsrc/ddrps_v1_0/src
Running Make include in ps7_cortexa9_0/libsrc/sdps_v3_6/src
Running Make include in ps7_cortexa9_0/libsrc/standalone_v6_8/src
Running Make include in ps7_cortexa9_0/libsrc/dmaps_v2_4/src
Running Make include in ps7_cortexa9_0/libsrc/cpu_cortexa9_v2_7/src
Running Make include in ps7_cortexa9_0/libsrc/gpiops_v3_4/src
Running Make include in ps7_cortexa9_0/libsrc/qspips_v3_5/src
Running Make include in ps7_cortexa9_0/libsrc/xilffs_v3_7/src
Running Make include in ps7_cortexa9_0/libsrc/iicps_v3_8/src
Running Make include in ps7_cortexa9_0/libsrc/scugic_v3_10/src
Running Make include in ps7_cortexa9_0/libsrc/xadcps_v2_3/src
Running Make include in ps7_cortexa9_0/libsrc/devcfg_v3_5/src
Running Make include in ps7_cortexa9_0/libsrc/scuwdt_v2_1/src
Running Make include in ps7_cortexa9_0/libsrc/uartps_v3_7/src
Running Make include in ps7_cortexa9_0/libsrc/usbps_v2_4/src
Running Make include in ps7_cortexa9_0/libsrc/coresightps_dcc_v1_4/src
Running Make include in ps7_cortexa9_0/libsrc/scutimer_v2_1/src
Running Make libs in ps7_cortexa9_0/libsrc/ddrps_v1_0/src
Compiling ddrps
arm-none-eabi-ar: creating ../../../lib/libxil.a
Running Make libs in ps7_cortexa9_0/libsrc/sdps_v3_6/src
Compiling sdps
Running Make libs in ps7_cortexa9_0/libsrc/standalone_v6_8/src
Compiling standalone
In file included from sleep.c:53:0:
xtime_l.h:87:9: note: #pragma message: For the sleep routines, Global timer is being used
 #pragma message ("For the sleep routines, Global timer is being used")
         ^~~~~~~
In file included from xil_sleeptimer.c:51:0:
xtime_l.h:87:9: note: #pragma message: For the sleep routines, Global timer is being used
 #pragma message ("For the sleep routines, Global timer is being used")
         ^~~~~~~
In file included from xtime_l.c:49:0:
xtime_l.h:87:9: note: #pragma message: For the sleep routines, Global timer is being used
 #pragma message ("For the sleep routines, Global timer is being used")
         ^~~~~~~
In file included from usleep.c:56:0:
xtime_l.h:87:9: note: #pragma message: For the sleep routines, Global timer is being used
 #pragma message ("For the sleep routines, Global timer is being used")
         ^~~~~~~
Running Make libs in ps7_cortexa9_0/libsrc/dmaps_v2_4/src
Compiling dmaps
Running Make libs in ps7_cortexa9_0/libsrc/cpu_cortexa9_v2_7/src
Compiling cpu_cortexa9
Running Make libs in ps7_cortexa9_0/libsrc/gpiops_v3_4/src
Compiling gpiops
Running Make libs in ps7_cortexa9_0/libsrc/qspips_v3_5/src
Compiling qspips
Running Make libs in ps7_cortexa9_0/libsrc/xilffs_v3_7/src
Compiling XilFFs Library
diskio.c:135:11: warning: 'ExtCsd' defined but not used [-Wunused-variable]
 static u8 ExtCsd[512] __attribute__ ((aligned(32)));
           ^~~~~~
Running Make libs in ps7_cortexa9_0/libsrc/iicps_v3_8/src
Compiling iicps
Running Make libs in ps7_cortexa9_0/libsrc/scugic_v3_10/src
Compiling scugic
Running Make libs in ps7_cortexa9_0/libsrc/xadcps_v2_3/src
Compiling xadcps
Running Make libs in ps7_cortexa9_0/libsrc/devcfg_v3_5/src
Compiling devcfg
Running Make libs in ps7_cortexa9_0/libsrc/scuwdt_v2_1/src
Compiling scuwdt
Running Make libs in ps7_cortexa9_0/libsrc/uartps_v3_7/src
Compiling uartps
Running Make libs in ps7_cortexa9_0/libsrc/usbps_v2_4/src
Compiling usbps
Running Make libs in ps7_cortexa9_0/libsrc/coresightps_dcc_v1_4/src
Compiling coresightps_dcc
Running Make libs in ps7_cortexa9_0/libsrc/scutimer_v2_1/src
Compiling scutimer
Finished building libraries
hsi::generate_bsp: Time (s): cpu = 00:00:09 ; elapsed = 00:00:10 . Memory (MB): peak = 666.973 ; gain = 17.598 ; free physical = 4861 ; free virtual = 9748
Link application ELF file
arm-none-eabi-g++ -mcpu=cortex-a9 -mfpu=vfpv3 -mfloat-abi=hard -Wl,--build-id=none -specs=/tools/Xilinx/SDx/2018.3/data/toolchain/aarch32-none.spec -Wl,-T -Wl,/home/bqpd/workspace_sdsoc/Platforms/mz_avnet/sw/mz_avnet/Standalone/lscript.ld   /home/bqpd/workspace_sdsoc/MiniZedMM/Debug/src/dual.o /home/bqpd/workspace_sdsoc/MiniZedMM/Debug/src/gradient.o /home/bqpd/workspace_sdsoc/MiniZedMM/Debug/src/graph.o /home/bqpd/workspace_sdsoc/MiniZedMM/Debug/src/main.o /home/bqpd/workspace_sdsoc/MiniZedMM/Debug/src/node.o /home/bqpd/workspace_sdsoc/MiniZedMM/Debug/_sds/swstubs/portinfo.o  -L /home/bqpd/workspace_sdsoc/MiniZedMM/Debug/_sds/swstubs/standalone_bsp/ps7_cortexa9_0/lib   -L/home/bqpd/workspace_sdsoc/MiniZedMM/Debug/_sds/swstubs -Wl,--start-group -lstdc++ -Wl,--end-group -Wl,--start-group     -L/tools/Xilinx/SDx/2018.3/target/aarch32-none/lib -lsds_lib -lxlnk_stub  -Wl,--end-group -o /home/bqpd/workspace_sdsoc/MiniZedMM/Debug/_sds/swstubs/MiniZedMM.elf -Wl,--start-group,-lxil,-lgcc,-lc,--end-group -Wl,--start-group,-lxilffs,-lxil,-lgcc,-lc,--end-group

arm-none-eabi-objcopy -R .xdinfo -R .xddata -R .xdasm -R .xdfcnmap -R .xdhlscore -R .xdif -R .xdparams -R .xdcore -R .xdrepo -R .xdsdata -R .xdpp -R .xdrtlx /home/bqpd/workspace_sdsoc/MiniZedMM/Debug/_sds/swstubs/MiniZedMM.elf
All user specified timing constraints are met.
sds++ log file saved as /home/bqpd/workspace_sdsoc/MiniZedMM/Debug/_sds/reports/sds.log
sds++ completed at Wed Oct 23 12:51:52 CEST 2019
